<?xml version="1.0" encoding="UTF-8"?>
<!-- Generated by org.testng.reporters.JUnitReportReporter -->
<testsuite hostname="DESKTOP-S8T5TUM" failures="0" tests="3" name="com.orangeHrm.testcases.LoginPageTest" time="8.106" errors="0" timestamp="2021-05-16T13:51:20 IST" skipped="0">
  <testcase classname="com.orangeHrm.testcases.LoginPageTest" name="loginPageTitleTest" time="0.916"/>
  <system-out>
Method name is - loginPageTitleTest  </system-out>
  <testcase classname="com.orangeHrm.testcases.LoginPageTest" name="crmLogoImageTest" time="0.115"/>
  <system-out>
Method name is - crmLogoImageTest  </system-out>
  <testcase classname="com.orangeHrm.testcases.LoginPageTest" name="loginTest" time="7.075"/>
  <system-out>
Method name is - loginTest  </system-out>
</testsuite> <!-- com.orangeHrm.testcases.LoginPageTest -->
