<?xml version="1.0" encoding="UTF-8"?>
<!-- Generated by org.testng.reporters.JUnitReportReporter -->
<testsuite hostname="1298--CNM--GGN" failures="0" tests="4" name="com.freecrm.pages.testttt" time="0.011" errors="0" timestamp="2021-04-26T21:21:23 IST" skipped="0">
  <testcase classname="com.freecrm.pages.testttt" name="test2" time="0.001"/>
  <system-out/>
  <testcase classname="com.freecrm.pages.testttt" name="test4" time="0.001"/>
  <system-out/>
  <testcase classname="com.freecrm.pages.testttt" name="test1" time="0.008"/>
  <system-out/>
  <testcase classname="com.freecrm.pages.testttt" name="test3" time="0.001"/>
  <system-out/>
</testsuite> <!-- com.freecrm.pages.testttt -->
