<?xml version="1.0" encoding="UTF-8"?>
<!-- Generated by org.testng.reporters.JUnitReportReporter -->
<testsuite hostname="1298--CNM--GGN" failures="0" tests="2" name="com.freecrm.testcases.LoginTest" time="0.000" errors="0" timestamp="2021-04-25T23:01:39 IST" skipped="2">
  <testcase classname="com.freecrm.testcases.LoginTest" name="freeCrmTitleTest" time="0.000">
    <skipped/>
  </testcase> <!-- freeCrmTitleTest -->
  <system-out/>
  <testcase classname="com.freecrm.testcases.LoginTest" name="freemCRMLogoTest" time="0.000">
    <skipped/>
  </testcase> <!-- freemCRMLogoTest -->
  <system-out/>
</testsuite> <!-- com.freecrm.testcases.LoginTest -->
