<?xml version="1.0" encoding="UTF-8"?>
<!-- Generated by org.testng.reporters.JUnitReportReporter -->
<testsuite hostname="1298--CNM--GGN" failures="0" tests="1" name="com.freecrm.testcases.HomePageTest" time="0.000" errors="0" timestamp="2021-04-25T23:01:39 IST" skipped="1">
  <testcase classname="com.freecrm.testcases.HomePageTest" name="verifyUserNameTest" time="0.000">
    <skipped/>
  </testcase> <!-- verifyUserNameTest -->
  <system-out/>
</testsuite> <!-- com.freecrm.testcases.HomePageTest -->
