<?xml version="1.0" encoding="UTF-8"?>
<!-- Generated by org.testng.reporters.JUnitReportReporter -->
<testsuite hostname="DESKTOP-S8T5TUM" failures="0" tests="1" name="com.orangeHrm.testcases.HomePageTest" time="11.452" errors="0" timestamp="2021-05-16T13:49:56 IST" skipped="0">
  <testcase classname="com.orangeHrm.testcases.HomePageTest" name="verifyUserNameTest" time="11.452"/>
  <system-out/>
</testsuite> <!-- com.orangeHrm.testcases.HomePageTest -->
