<?xml version="1.0" encoding="UTF-8"?>
<!-- Generated by org.testng.reporters.JUnitReportReporter -->
<testsuite hostname="1298--CNM--GGN" failures="0" tests="4" name="com.freecrm.testcases.PIMPageTest" time="0.000" errors="0" timestamp="2021-04-25T23:01:39 IST" skipped="4">
  <testcase classname="com.freecrm.testcases.PIMPageTest" name="verifyAddEmp1" time="0.000">
    <skipped/>
  </testcase> <!-- verifyAddEmp1 -->
  <system-out/>
  <testcase classname="com.freecrm.testcases.PIMPageTest" name="verifyAddEmp1" time="0.000">
    <skipped/>
  </testcase> <!-- verifyAddEmp1 -->
  <system-out/>
  <testcase classname="com.freecrm.testcases.PIMPageTest" name="verifyAddEmp1" time="0.000">
    <skipped/>
  </testcase> <!-- verifyAddEmp1 -->
  <system-out/>
  <testcase classname="com.freecrm.testcases.PIMPageTest" name="verifyAddEmp">
    <skipped/>
  </testcase> <!-- verifyAddEmp -->
  <system-out/>
</testsuite> <!-- com.freecrm.testcases.PIMPageTest -->
